<?xml version="1.0" encoding="UTF-8"?>
<testng-results ignored="0" total="1" passed="0" failed="1" skipped="0">
  <reporter-output>
  </reporter-output>
  <suite started-at="2025-08-05T13:38:10 IST" name="Default suite" finished-at="2025-08-05T13:38:40 IST" duration-ms="29891">
    <groups>
    </groups>
    <test started-at="2025-08-05T13:38:10 IST" name="Default test" finished-at="2025-08-05T13:38:40 IST" duration-ms="29891">
      <class name="testbase.Hometest">
        <test-method is-config="true" signature="setup()[pri:0, instance:testbase.Hometest@3cd3e762]" started-at="2025-08-05T13:38:10 IST" name="setup" finished-at="2025-08-05T13:38:39 IST" duration-ms="29557" status="PASS">
          <reporter-output>
          </reporter-output>
        </test-method> <!-- setup -->
        <test-method signature="verify_account_Registration()[pri:0, instance:testbase.Hometest@3cd3e762]" started-at="2025-08-05T13:38:39 IST" name="verify_account_Registration" finished-at="2025-08-05T13:38:39 IST" duration-ms="7" status="FAIL">
          <exception class="java.lang.Error">
            <message>
              <![CDATA[Unresolved compilation problems: 
John cannot be resolved to a variable
Syntax error on token "@", invalid AssignmentOperator
gmail cannot be resolved to a variable
John cannot be resolved to a variable
Syntax error on token "@", invalid AssignmentOperator
]]>
            </message>
            <full-stacktrace>
              <![CDATA[java.lang.Error: Unresolved compilation problems: 
John cannot be resolved to a variable
Syntax error on token "@", invalid AssignmentOperator
gmail cannot be resolved to a variable
John cannot be resolved to a variable
Syntax error on token "@", invalid AssignmentOperator

at testbase.Hometest.verify_account_Registration(Hometest.java:20)
at java.base/jdk.internal.reflect.DirectMethodHandleAccessor.invoke(DirectMethodHandleAccessor.java:103)
at java.base/java.lang.reflect.Method.invoke(Method.java:580)
at org.testng.internal.invokers.MethodInvocationHelper.invokeMethod(MethodInvocationHelper.java:141)
at org.testng.internal.invokers.TestInvoker.invokeMethod(TestInvoker.java:687)
at org.testng.internal.invokers.TestInvoker.invokeTestMethod(TestInvoker.java:230)
at org.testng.internal.invokers.MethodRunner.runInSequence(MethodRunner.java:63)
at org.testng.internal.invokers.TestInvoker$MethodInvocationAgent.invoke(TestInvoker.java:995)
at org.testng.internal.invokers.TestInvoker.invokeTestMethods(TestInvoker.java:203)
at org.testng.internal.invokers.TestMethodWorker.invokeTestMethods(TestMethodWorker.java:154)
at org.testng.internal.invokers.TestMethodWorker.run(TestMethodWorker.java:134)
at java.base/java.util.ArrayList.forEach(ArrayList.java:1596)
at org.testng.TestRunner.privateRun(TestRunner.java:741)
at org.testng.TestRunner.run(TestRunner.java:616)
at org.testng.SuiteRunner.runTest(SuiteRunner.java:421)
at org.testng.SuiteRunner.runSequentially(SuiteRunner.java:413)
at org.testng.SuiteRunner.privateRun(SuiteRunner.java:373)
at org.testng.SuiteRunner.run(SuiteRunner.java:312)
at org.testng.SuiteRunnerWorker.runSuite(SuiteRunnerWorker.java:52)
at org.testng.SuiteRunnerWorker.run(SuiteRunnerWorker.java:95)
at org.testng.TestNG.runSuitesSequentially(TestNG.java:1274)
at org.testng.TestNG.runSuitesLocally(TestNG.java:1208)
at org.testng.TestNG.runSuites(TestNG.java:1112)
at org.testng.TestNG.run(TestNG.java:1079)
at org.testng.remote.AbstractRemoteTestNG.run(AbstractRemoteTestNG.java:115)
at org.testng.remote.RemoteTestNG.initAndRun(RemoteTestNG.java:293)
at org.testng.remote.RemoteTestNG.main(RemoteTestNG.java:91)
]]>
            </full-stacktrace>
          </exception> <!-- java.lang.Error -->
          <reporter-output>
          </reporter-output>
        </test-method> <!-- verify_account_Registration -->
        <test-method is-config="true" signature="teardown()[pri:0, instance:testbase.Hometest@3cd3e762]" started-at="2025-08-05T13:38:39 IST" name="teardown" finished-at="2025-08-05T13:38:40 IST" duration-ms="288" status="PASS">
          <reporter-output>
          </reporter-output>
        </test-method> <!-- teardown -->
      </class> <!-- testbase.Hometest -->
    </test> <!-- Default test -->
  </suite> <!-- Default suite -->
</testng-results>
